[2019-05-06 04:32:43,089]: INFO: 
[2019-05-06 04:39:37,016]: INFO: 
[2019-05-06 04:44:32,812]: INFO: 
[2019-05-06 04:51:31,501]: INFO: {
	"command": "/start"
}
[2019-05-06 04:52:02,197]: INFO: {
	"message": "/start"
}
[2019-05-06 04:52:39,480]: INFO: {
	"message": "/start",
	"chat": "1",
	"id": "1"
}
[2019-05-06 04:52:56,269]: INFO: {
	"message": "/start",
	"chat": 1,
	"id": 1
}
[2019-05-06 04:53:02,934]: INFO: {
	"message": "/start",
	"chat": 1,
	"id": 1
}
[2019-05-06 04:53:13,482]: INFO: {
	"message": "/start",
	"chat": "1",
	"id": 1
}
[2019-05-06 04:56:24,978]: INFO: {
	"message": "/start",
	"chat": "1",
	"id": 867027665
}
[2019-05-06 04:57:47,769]: INFO: {
	"message": "/start",
	"chat": "1",
	"id": 867027665
}
[2019-05-06 04:58:11,753]: INFO: {
	"message": "/start",
	"chat": "1",
	"id": 867027665
}
[2019-05-06 05:20:52,645]: INFO: {
	"message": {
		"data": 12121234,
		"text": "help",
		"from": {
			"username": "Laz",
			"first_name": "Elik",
			"id": 123123
		},
		"message_id": 1,
		"chat":{
			"username": "Laz",
			"first_name": "Laz",
			"type": "private",
			"id": "867027665"
		}
		
	},
	"update_id": "867027665"
}
[2019-05-06 05:23:02,149]: INFO: {
	"message": {
		"data": 12121234,
		"text": "help",
		"from": {
			"username": "Laz",
			"first_name": "Elik",
			"id": 189615235
		},
		"message_id": 1,
		"chat":{
			"username": "Laz",
			"first_name": "Laz",
			"type": "private",
			"id": "189615235"
		}
		
	},
	"update_id": "867027665"
}
[2019-05-06 05:23:26,483]: INFO: {
	"message": {
		"data": 12121234,
		"text": "/start",
		"from": {
			"username": "Laz",
			"first_name": "Elik",
			"id": 189615235
		},
		"message_id": 1,
		"chat":{
			"username": "Laz",
			"first_name": "Laz",
			"type": "private",
			"id": "189615235"
		}
		
	},
	"update_id": "867027665"
}
[2019-05-06 05:24:04,577]: INFO: {
	"message": {
		"data": 12121235,
		"text": "/start",
		"from": {
			"username": "Laz",
			"first_name": "Elik",
			"id": 189615235
		},
		"message_id": 1,
		"chat":{
			"username": "Laz",
			"first_name": "Laz",
			"type": "private",
			"id": "189615235"
		}
		
	},
	"update_id": "867027665"
}
[2019-05-06 05:25:18,768]: INFO: {
	"message": {
		"data": 12121235,
		"text": "feed",
		"from": {
			"username": "Laz",
			"first_name": "Elik",
			"id": 189615235
		},
		"message_id": 1,
		"chat":{
			"username": "Laz",
			"first_name": "Laz",
			"type": "private",
			"id": "189615235"
		}
		
	},
	"update_id": "867027665"
}
[2019-05-06 06:05:48,628]: INFO: {
	"message": {
		"data": 12121235,
		"text": "feed",
		"from": {
			"username": "Laz",
			"first_name": "Elik",
			"id": 189615235
		},
		"message_id": 1,
		"chat":{
			"username": "Laz",
			"first_name": "Laz",
			"type": "private",
			"id": "189615235"
		}
		
	},
	"update_id": "867027665"
}
[2019-07-01 08:02:13,552]: INFO: {
	"message": {
		"data": 12121235,
		"text": "feed",
		"from": {
			"username": "Laz",
			"first_name": "Elik",
			"id": 189615235
		},
		"message_id": 1,
		"chat":{
			"username": "Laz",
			"first_name": "Laz",
			"type": "private",
			"id": "189615235"
		}
		
	},
	"update_id": "867027665"
}
[2019-07-01 08:02:47,085]: INFO: {
	"message": {
		"data": 12121235,
		"text": "start",
		"from": {
			"username": "Laz",
			"first_name": "Elik",
			"id": 189615235
		},
		"message_id": 1,
		"chat":{
			"username": "Laz",
			"first_name": "Laz",
			"type": "private",
			"id": "189615235"
		}
		
	},
	"update_id": "867027665"
}
[2019-07-01 08:02:58,598]: INFO: {
	"message": {
		"data": 12121235,
		"text": "/start",
		"from": {
			"username": "Laz",
			"first_name": "Elik",
			"id": 189615235
		},
		"message_id": 1,
		"chat":{
			"username": "Laz",
			"first_name": "Laz",
			"type": "private",
			"id": "189615235"
		}
		
	},
	"update_id": "867027665"
}
[2019-07-01 08:03:18,231]: INFO: {
	"message": {
		"data": 12121235,
		"text": "start",
		"from": {
			"username": "Laz",
			"first_name": "Elik",
			"id": 189615235
		},
		"message_id": 1,
		"chat":{
			"username": "Laz",
			"first_name": "Laz",
			"type": "private",
			"id": "189615235"
		}
		
	},
	"update_id": "867027665"
}
[2019-07-01 08:03:39,867]: INFO: {
	"message": {
		"data": 12121235,
		"text": "start",
		"from": {
			"username": "Laz",
			"first_name": "Elik",
			"id": 189615235
		},
		"message_id": 1,
		"chat":{
			"username": "Laz",
			"first_name": "Laz",
			"type": "private",
			"id": "189615235"
		}
		
	},
	"update_id": "867027665"
}
[2019-07-01 08:05:28,929]: INFO: {
	"message": {
		"data": 12121235,
		"text": "feed",
		"from": {
			"username": "Laz",
			"first_name": "Elik",
			"id": 189615235
		},
		"message_id": 1,
		"chat":{
			"username": "Laz",
			"first_name": "Laz",
			"type": "private",
			"id": "189615235"
		}
		
	},
	"update_id": "867027665"
}
[2019-07-01 08:05:39,678]: INFO: {
	"message": {
		"data": 12121235,
		"text": "help",
		"from": {
			"username": "Laz",
			"first_name": "Elik",
			"id": 189615235
		},
		"message_id": 1,
		"chat":{
			"username": "Laz",
			"first_name": "Laz",
			"type": "private",
			"id": "189615235"
		}
		
	},
	"update_id": "867027665"
}
[2019-07-01 08:07:40,758]: INFO: {
	"message": {
		"data": 12121235,
		"text": "help",
		"from": {
			"username": "Laz",
			"first_name": "Elik",
			"id": 189615235
		},
		"message_id": 1,
		"chat":{
			"username": "Ilya",
			"first_name": "Gurin",
			"type": "private",
			"id": "97551509"
		}
		
	},
	"update_id": "867027665"
}
[2019-07-01 08:07:59,049]: INFO: {
	"message": {
		"data": 12121235,
		"text": "feed",
		"from": {
			"username": "Laz",
			"first_name": "Elik",
			"id": 189615235
		},
		"message_id": 1,
		"chat":{
			"username": "Ilya",
			"first_name": "Gurin",
			"type": "private",
			"id": "97551509"
		}
		
	},
	"update_id": "867027665"
}
[2019-07-01 08:12:09,489]: INFO: {
	"message": {
		"data": 12121235,
		"text": "feed",
		"from": {
			"username": "Laz",
			"first_name": "Elik",
			"id": 189615235
		},
		"message_id": 1,
		"chat":{
			"username": "Ilya",
			"first_name": "Gurin",
			"type": "private",
			"id": "97551509"
		}
		
	},
	"update_id": "867027665"
}
[2019-07-01 08:47:07,416]: INFO: {
	"message": {
		"data": 12121235,
		"text": "feed",
		"from": {
			"username": "Laz",
			"first_name": "Elik",
			"id": 189615235
		},
		"message_id": 1,
		"chat":{
			"username": "Ilya",
			"type": "private",
			"id": "97551509"
		}
		
	},
	"update_id": "867027665"
}
[2019-07-01 08:47:37,144]: INFO: {
	"message": {
		"data": 12121235,
		"text": "feed",
		"from": {
			"username": "Laz",
			"first_name": "Elik",
			"id": 189615235
		},
		"message_id": 1,
		"chat":{
			"username": "Ilya",
			"type": "private",
			"id": "97551509"
		}
		
	},
	"update_id": "867027665"
}
[2019-07-01 08:48:07,480]: INFO: {
	"message": {
		"data": 12121235,
		"text": "help",
		"from": {
			"username": "Laz",
			"first_name": "Elik",
			"id": 189615235
		},
		"message_id": 1,
		"chat":{
			"username": "Ilya",
			"first_name": "Gurin",
			"type": "private",
			"id": "97551509"
		}
		
	},
	"update_id": "867027665"
}
[2019-07-01 20:45:51,869]: INFO: {
	"message": {
		"data": 12121235,
		"text": "help",
		"from": {
			"username": "Laz",
			"first_name": "Elik",
			"id": 189615235
		},
		"message_id": 1,
		"chat":{
			"username": "Laz",
			"first_name": "Elik",
			"type": "private",
			"id": "189615235"
		}
		
	},
	"update_id": "867027665"
}
[2019-07-01 20:47:22,486]: INFO: {
	"message": {
		"data": 12121235,
		"text": "help",
		"from": {
			"username": "Laz",
			"first_name": "Elik",
			"id": 189615235
		},
		"message_id": 1,
		"chat":{
			"username": "Laz",
			"first_name": "Elik",
			"type": "private",
			"id": "189615235"
		}
		
	},
	"update_id": "867027665"
}
[2019-07-01 20:47:56,860]: INFO: {
	"message": {
		"data": 12121235,
		"text": "start",
		"from": {
			"username": "Laz",
			"first_name": "Elik",
			"id": 189615235
		},
		"message_id": 1,
		"chat":{
			"username": "Laz",
			"first_name": "Elik",
			"type": "private",
			"id": "189615235"
		}
		
	},
	"update_id": "867027665"
}
[2019-07-01 20:51:11,773]: INFO: {
	"message": {
		"data": 12121235,
		"text": "start",
		"from": {
			"username": "Laz",
			"first_name": "Elik",
			"id": 189615235
		},
		"message_id": 1,
		"chat":{
			"username": "Laz",
			"first_name": "Elik",
			"type": "private",
			"id": "189615235"
		}
		
	},
	"update_id": "867027665"
}
[2019-07-01 20:51:36,648]: INFO: {
	"message": {
		"data": 12121235,
		"text": "start",
		"from": {
			"username": "Laz",
			"first_name": "Elik",
			"id": 189615235
		},
		"message_id": 1,
		"chat":{
			"username": "Laz",
			"first_name": "Elik",
			"type": "private",
			"id": "189615235"
		}
		
	},
	"update_id": "867027665"
}
[2019-07-01 20:59:24,496]: INFO: {
	"message": {
		"data": 12121235,
		"text": "start",
		"from": {
			"username": "Laz",
			"first_name": "Elik",
			"id": 189615235
		},
		"message_id": 1,
		"chat":{
			"username": "Laz",
			"first_name": "Elik",
			"type": "private",
			"id": "189615235"
		}
		
	},
	"update_id": "867027665"
}
[2019-07-01 20:59:37,459]: INFO: {
	"message": {
		"data": 12121235,
		"text": "start",
		"from": {
			"username": "Laz",
			"first_name": "Elik",
			"id": 189615235
		},
		"message_id": 1,
		"chat":{
			"username": "Laz",
			"first_name": "Elik",
			"type": "private",
			"id": "189615235"
		}
		
	},
	"update_id": "867027665"
}
[2019-07-01 20:59:42,354]: INFO: {
	"message": {
		"data": 12121235,
		"text": "start",
		"from": {
			"username": "Laz",
			"first_name": "Elik",
			"id": 189615235
		},
		"message_id": 1,
		"chat":{
			"username": "Laz",
			"first_name": "Elik",
			"type": "private",
			"id": "189615235"
		}
		
	},
	"update_id": "867027665"
}
[2019-07-01 20:59:50,634]: INFO: {
	"message": {
		"data": 12121235,
		"text": "start",
		"from": {
			"username": "Laz",
			"first_name": "Elik",
			"id": 189615235
		},
		"message_id": 1,
		"chat":{
			"username": "Laz",
			"first_name": "Elik",
			"type": "private",
			"id": "189615235"
		}
		
	},
	"update_id": "867027665"
}
[2019-07-01 21:04:13,162]: INFO: {
	"message": {
		"data": 12121235,
		"text": "start",
		"from": {
			"username": "Laz",
			"first_name": "Elik",
			"id": 189615235
		},
		"message_id": 1,
		"chat":{
			"username": "Laz",
			"first_name": "Elik",
			"type": "private",
			"id": "189615235"
		}
		
	},
	"update_id": "867027665"
}
[2019-07-01 21:05:48,780]: INFO: {
	"message": {
		"data": 12121235,
		"text": "start",
		"from": {
			"username": "Laz",
			"first_name": "Elik",
			"id": 189615235
		},
		"message_id": 1,
		"chat":{
			"username": "Laz",
			"first_name": "Elik",
			"type": "private",
			"id": "189615235"
		}
		
	},
	"update_id": "867027665"
}
[2019-07-01 21:06:51,005]: INFO: {
	"message": {
		"data": 12121235,
		"text": "start",
		"from": {
			"username": "Laz",
			"first_name": "Elik",
			"id": 189615235
		},
		"message_id": 1,
		"chat":{
			"username": "Laz",
			"first_name": "Elik",
			"type": "private",
			"id": "189615235"
		}
		
	},
	"update_id": "867027665"
}
